<?xml version="1.0" encoding="UTF-8"?>
<testng-results ignored="1" total="1" passed="0" failed="0" skipped="0">
  <reporter-output>
  </reporter-output>
  <suite started-at="2025-02-02T13:22:18 IST" name="Default suite" finished-at="2025-02-02T13:22:18 IST" duration-ms="82">
    <groups>
    </groups>
    <test started-at="2025-02-02T13:22:18 IST" name="Default test" finished-at="2025-02-02T13:22:18 IST" duration-ms="82">
      <class name="test.TestngDemoProgram">
        <test-method is-config="true" signature="launchBrowser(java.lang.String)[pri:0, instance:test.TestngDemoProgram@43b6123e]" started-at="2025-02-02T13:22:18 IST" name="launchBrowser" finished-at="1970-01-01T05:30:00 IST" duration-ms="-1738482738047" status="FAIL">
          <exception class="org.testng.TestNGException">
            <message>
              <![CDATA[
Parameter 'URL' is required by BeforeTest on method launchBrowser but has not been marked @Optional or defined
in C:\Users\Shree\AppData\Local\Temp\testng-eclipse-1558261841\testng-customsuite.xml]]>
            </message>
            <full-stacktrace>
              <![CDATA[org.testng.TestNGException: 
Parameter 'URL' is required by BeforeTest on method launchBrowser but has not been marked @Optional or defined
in C:\Users\Shree\AppData\Local\Temp\testng-eclipse-1558261841\testng-customsuite.xml
at org.testng.internal.Parameters.createParams(Parameters.java:270)
at org.testng.internal.Parameters.createParametersForMethod(Parameters.java:358)
at org.testng.internal.Parameters.createParameters(Parameters.java:700)
at org.testng.internal.Parameters.createConfigurationParameters(Parameters.java:168)
at org.testng.internal.ConfigInvoker.invokeConfigurations(ConfigInvoker.java:302)
at org.testng.TestRunner.invokeTestConfigurations(TestRunner.java:637)
at org.testng.TestRunner.beforeRun(TestRunner.java:627)
at org.testng.TestRunner.run(TestRunner.java:589)
at org.testng.SuiteRunner.runTest(SuiteRunner.java:377)
at org.testng.SuiteRunner.runSequentially(SuiteRunner.java:371)
at org.testng.SuiteRunner.privateRun(SuiteRunner.java:332)
at org.testng.SuiteRunner.run(SuiteRunner.java:276)
at org.testng.SuiteRunnerWorker.runSuite(SuiteRunnerWorker.java:53)
at org.testng.SuiteRunnerWorker.run(SuiteRunnerWorker.java:96)
at org.testng.TestNG.runSuitesSequentially(TestNG.java:1212)
at org.testng.TestNG.runSuitesLocally(TestNG.java:1134)
at org.testng.TestNG.runSuites(TestNG.java:1063)
at org.testng.TestNG.run(TestNG.java:1031)
at org.testng.remote.AbstractRemoteTestNG.run(AbstractRemoteTestNG.java:115)
at org.testng.remote.RemoteTestNG.initAndRun(RemoteTestNG.java:293)
at org.testng.remote.RemoteTestNG.main(RemoteTestNG.java:91)
]]>
            </full-stacktrace>
          </exception> <!-- org.testng.TestNGException -->
          <reporter-output>
          </reporter-output>
        </test-method> <!-- launchBrowser -->
        <test-method is-config="true" signature="terminateBrowser()[pri:0, instance:test.TestngDemoProgram@43b6123e]" started-at="2025-02-02T13:22:18 IST" name="terminateBrowser" finished-at="1970-01-01T05:30:00 IST" duration-ms="-1738482738107" status="SKIP">
          <reporter-output>
          </reporter-output>
        </test-method> <!-- terminateBrowser -->
      </class> <!-- test.TestngDemoProgram -->
    </test> <!-- Default test -->
  </suite> <!-- Default suite -->
</testng-results>
